d:\documents\github\mylib\librarymaker\builder\release\builder.pch
d:\documents\github\mylib\librarymaker\builder\release\vc140.pdb
d:\documents\github\mylib\librarymaker\builder\release\stdafx.obj
d:\documents\github\mylib\librarymaker\builder\release\builder.pdb
d:\documents\github\mylib\librarymaker\builder\release\main.obj
d:\documents\github\mylib\librarymaker\release\builder.lib
d:\documents\github\mylib\librarymaker\release\builder.exe
d:\documents\github\mylib\librarymaker\release\builder.ipdb
d:\documents\github\mylib\librarymaker\release\builder.iobj
d:\documents\github\mylib\librarymaker\release\builder.pdb
d:/documents/github/mylib/librarymaker/release/builder.pdb
d:/documents/github/mylib/librarymaker/release/builder.lib
d:\documents\github\mylib\librarymaker\builder\release\builder.tlog\cl.command.1.tlog
d:\documents\github\mylib\librarymaker\builder\release\builder.tlog\cl.read.1.tlog
d:\documents\github\mylib\librarymaker\builder\release\builder.tlog\cl.write.1.tlog
d:\documents\github\mylib\librarymaker\builder\release\builder.tlog\lib-link.read.1.tlog
d:\documents\github\mylib\librarymaker\builder\release\builder.tlog\lib-link.write.1.tlog
d:\documents\github\mylib\librarymaker\builder\release\builder.tlog\lib.command.1.tlog
d:\documents\github\mylib\librarymaker\builder\release\builder.tlog\link.command.1.tlog
d:\documents\github\mylib\librarymaker\builder\release\builder.tlog\link.read.1.tlog
d:\documents\github\mylib\librarymaker\builder\release\builder.tlog\link.write.1.tlog
