d:\documents\github\mylib\librarymaker\dxfunclib\debug\dxfunc.pch
d:\documents\github\mylib\librarymaker\dxfunclib\debug\vc140.pdb
d:\documents\github\mylib\librarymaker\dxfunclib\debug\vc140.idb
d:\documents\github\mylib\librarymaker\dxfunclib\debug\stdafx.obj
d:\documents\github\mylib\librarymaker\dxfunclib\debug\dxfunc.pdb
d:\documents\github\mylib\librarymaker\dxfunclib\debug\dxfunc.idb
d:\documents\github\mylib\librarymaker\dxfunclib\debug\dxclass.obj
d:\documents\github\mylib\librarymaker\dxfunclib\debug\main.obj
d:\documents\github\mylib\librarymaker\dxfunclib\debug\input.obj
d:\documents\github\mylib\librarymaker\debug\dxfunc.lib
d:\documents\github\mylib\librarymaker\debug\dxfunc.exp
d:\documents\github\mylib\librarymaker\debug\dxfunc.ilk
d:\documents\github\mylib\librarymaker\debug\dxfunc.exe
d:\documents\github\mylib\librarymaker\debug\dxfunc.pdb
d:\documents\github\mylib\librarymaker\dxfunclib\debug\dxfunclib.res
d:/documents/github/mylib/librarymaker/debug/dxfunc.pdb
d:/documents/github/mylib/librarymaker/debug/dxfunc.exe
d:/documents/github/mylib/librarymaker/debug/dxfunc.ilk
d:\documents\github\mylib\librarymaker\dxfunclib\debug\dxfunc.tlog\cl.command.1.tlog
d:\documents\github\mylib\librarymaker\dxfunclib\debug\dxfunc.tlog\cl.read.1.tlog
d:\documents\github\mylib\librarymaker\dxfunclib\debug\dxfunc.tlog\cl.write.1.tlog
d:\documents\github\mylib\librarymaker\dxfunclib\debug\dxfunc.tlog\dxfunc.write.1u.tlog
d:\documents\github\mylib\librarymaker\dxfunclib\debug\dxfunc.tlog\lib-link-cvtres.read.1.tlog
d:\documents\github\mylib\librarymaker\dxfunclib\debug\dxfunc.tlog\lib-link-cvtres.write.1.tlog
d:\documents\github\mylib\librarymaker\dxfunclib\debug\dxfunc.tlog\lib.command.1.tlog
d:\documents\github\mylib\librarymaker\dxfunclib\debug\dxfunc.tlog\link.command.1.tlog
d:\documents\github\mylib\librarymaker\dxfunclib\debug\dxfunc.tlog\link.read.1.tlog
d:\documents\github\mylib\librarymaker\dxfunclib\debug\dxfunc.tlog\link.write.1.tlog
d:\documents\github\mylib\librarymaker\dxfunclib\debug\dxfunc.tlog\rc.command.1.tlog
d:\documents\github\mylib\librarymaker\dxfunclib\debug\dxfunc.tlog\rc.read.1.tlog
d:\documents\github\mylib\librarymaker\dxfunclib\debug\dxfunc.tlog\rc.write.1.tlog
