d:\documents\github\mylib\librarymaker\filer\debug\filer.pch
d:\documents\github\mylib\librarymaker\filer\debug\vc140.pdb
d:\documents\github\mylib\librarymaker\filer\debug\vc140.idb
d:\documents\github\mylib\librarymaker\filer\debug\stdafx.obj
d:\documents\github\mylib\librarymaker\filer\debug\filer.pdb
d:\documents\github\mylib\librarymaker\filer\debug\filer.idb
d:\documents\github\mylib\librarymaker\filer\debug\load.obj
d:\documents\github\mylib\librarymaker\filer\debug\main.obj
d:\documents\github\mylib\librarymaker\filer\debug\write.obj
d:\documents\github\mylib\librarymaker\debug\filer.lib
d:\documents\github\mylib\librarymaker\debug\filer.ilk
d:\documents\github\mylib\librarymaker\debug\filer.exe
d:\documents\github\mylib\librarymaker\debug\filer.pdb
d:\documents\github\mylib\librarymaker\filer\debug\filer.tlog\cl.command.1.tlog
d:\documents\github\mylib\librarymaker\filer\debug\filer.tlog\cl.read.1.tlog
d:\documents\github\mylib\librarymaker\filer\debug\filer.tlog\cl.write.1.tlog
d:\documents\github\mylib\librarymaker\filer\debug\filer.tlog\filer.write.1u.tlog
d:\documents\github\mylib\librarymaker\filer\debug\filer.tlog\ib.ib.cl.read.1.tlog
d:\documents\github\mylib\librarymaker\filer\debug\filer.tlog\ib.ib.cl.write.1.tlog
d:\documents\github\mylib\librarymaker\filer\debug\filer.tlog\ib.ib.lib-link.read.1.tlog
d:\documents\github\mylib\librarymaker\filer\debug\filer.tlog\ib.ib.lib-link.write.1.tlog
d:\documents\github\mylib\librarymaker\filer\debug\filer.tlog\lib-link.read.1.tlog
d:\documents\github\mylib\librarymaker\filer\debug\filer.tlog\lib-link.write.1.tlog
d:\documents\github\mylib\librarymaker\filer\debug\filer.tlog\lib.command.1.tlog
d:\documents\github\mylib\librarymaker\filer\debug\filer.tlog\link.command.1.tlog
d:\documents\github\mylib\librarymaker\filer\debug\filer.tlog\link.read.1.tlog
d:\documents\github\mylib\librarymaker\filer\debug\filer.tlog\link.write.1.tlog
