d:\documents\github\mylib\librarymaker\rndomerlib\debug\randomer.pch
d:\documents\github\mylib\librarymaker\rndomerlib\debug\randomer.pdb
d:\documents\github\mylib\librarymaker\rndomerlib\debug\randomer.idb
d:\documents\github\mylib\librarymaker\rndomerlib\debug\stdafx.obj
d:\documents\github\mylib\librarymaker\rndomerlib\debug\vc140.pdb
d:\documents\github\mylib\librarymaker\rndomerlib\debug\vc140.idb
d:\documents\github\mylib\librarymaker\rndomerlib\debug\randomer.obj
d:\documents\github\mylib\librarymaker\rndomerlib\debug\main.obj
d:\documents\github\game\oselo\debug\randomer.lib
d:\documents\github\game\oselo\debug\randomer.ilk
d:\documents\github\game\oselo\debug\randomer.exe
d:\documents\github\game\oselo\debug\randomer.pdb
d:\documents\github\mylib\librarymaker\rndomerlib\debug\rndomerlib.obj
d:\documents\github\mylib\librarymaker\rndomerlib\debug\randomerlib.pch
d:\documents\github\mylib\librarymaker\rndomerlib\debug\rndomerlib.pch
d:\documents\github\mylib\librarymaker\rndomerlib\debug\randomerlib.idb
d:\documents\github\mylib\librarymaker\rndomerlib\debug\rndomerlib.idb
d:\documents\github\mylib\librarymaker\rndomerlib\debug\randomerlib.pdb
d:\documents\github\mylib\librarymaker\rndomerlib\debug\rndomerlib.pdb
d:\documents\github\mylib\librarymaker\rndomerlib\debug\randomer.tlog\cl.command.1.tlog
d:\documents\github\mylib\librarymaker\rndomerlib\debug\randomer.tlog\cl.read.1.tlog
d:\documents\github\mylib\librarymaker\rndomerlib\debug\randomer.tlog\cl.write.1.tlog
d:\documents\github\mylib\librarymaker\rndomerlib\debug\randomer.tlog\lib-link.read.1.tlog
d:\documents\github\mylib\librarymaker\rndomerlib\debug\randomer.tlog\lib-link.write.1.tlog
d:\documents\github\mylib\librarymaker\rndomerlib\debug\randomer.tlog\lib.command.1.tlog
d:\documents\github\mylib\librarymaker\rndomerlib\debug\randomer.tlog\link.command.1.tlog
d:\documents\github\mylib\librarymaker\rndomerlib\debug\randomer.tlog\link.read.1.tlog
d:\documents\github\mylib\librarymaker\rndomerlib\debug\randomer.tlog\link.write.1.tlog
d:\documents\github\mylib\librarymaker\rndomerlib\debug\randomer.tlog\randomer.write.1u.tlog
